<?xml version="1.0" encoding="UTF-8"?>
<coverage generated="1545220674640" clover="3.2.0">
  <project timestamp="1545220674640" name="All files">
    <metrics statements="24" coveredstatements="23" conditionals="6" coveredconditionals="6" methods="5" coveredmethods="4" elements="35" coveredelements="33" complexity="0" loc="24" ncloc="24" packages="1" files="1" classes="1">
      <file name="api.js" path="/home/daniele/Desktop/exam-B-dec2018/api.js">
        <metrics statements="24" coveredstatements="23" conditionals="6" coveredconditionals="6" methods="5" coveredmethods="4"/>
        <line num="1" count="1" type="stmt"/>
        <line num="2" count="1" type="stmt"/>
        <line num="3" count="1" type="stmt"/>
        <line num="5" count="1" type="stmt"/>
        <line num="7" count="1" type="stmt"/>
        <line num="8" count="1" type="stmt"/>
        <line num="11" count="1" type="cond" truecount="2" falsecount="0"/>
        <line num="13" count="1" type="stmt"/>
        <line num="18" count="1" type="stmt"/>
        <line num="19" count="0" type="stmt"/>
        <line num="22" count="1" type="stmt"/>
        <line num="23" count="1" type="stmt"/>
        <line num="24" count="1" type="stmt"/>
        <line num="28" count="1" type="stmt"/>
        <line num="30" count="1" type="stmt"/>
        <line num="31" count="2" type="stmt"/>
        <line num="32" count="2" type="cond" truecount="4" falsecount="0"/>
        <line num="34" count="1" type="stmt"/>
        <line num="38" count="1" type="stmt"/>
        <line num="40" count="1" type="stmt"/>
        <line num="41" count="1" type="stmt"/>
        <line num="42" count="1" type="stmt"/>
        <line num="43" count="1" type="stmt"/>
        <line num="50" count="1" type="stmt"/>
      </file>
    </metrics>
  </project>
</coverage>
