TN:
SF:/home/daniele/Desktop/exam-B-dec2018/api.js
FN:18,(anonymous_0)
FN:22,(anonymous_1)
FN:28,(anonymous_2)
FN:30,(anonymous_3)
FN:38,(anonymous_4)
FNF:5
FNH:4
FNDA:0,(anonymous_0)
FNDA:1,(anonymous_1)
FNDA:1,(anonymous_2)
FNDA:2,(anonymous_3)
FNDA:1,(anonymous_4)
DA:1,1
DA:2,1
DA:3,1
DA:5,1
DA:7,1
DA:8,1
DA:11,1
DA:13,1
DA:18,1
DA:19,0
DA:22,1
DA:23,1
DA:24,1
DA:28,1
DA:30,1
DA:31,2
DA:32,2
DA:34,1
DA:38,1
DA:40,1
DA:41,1
DA:42,1
DA:43,1
DA:50,1
LF:24
LH:23
BRDA:11,0,0,1
BRDA:11,0,1,1
BRDA:32,1,0,1
BRDA:32,1,1,1
BRDA:32,2,0,2
BRDA:32,2,1,2
BRF:6
BRH:6
end_of_record
